{"Y:\\posts_api-main2\\react-jest-curso\\src\\App.tsx": {"path":"Y:\\posts_api-main2\\react-jest-curso\\src\\App.tsx","statementMap":{"0":{"start":{"line":7,"column":28},"end":{"line":7,"column":39}},"1":{"start":{"line":9,"column":2},"end":{"line":32,"column":3}},"2":{"start":{"line":21,"column":31},"end":{"line":21,"column":61}},"3":{"start":{"line":21,"column":51},"end":{"line":21,"column":60}}},"fnMap":{"0":{"name":"App","decl":{"start":{"line":6,"column":9},"end":{"line":6,"column":12}},"loc":{"start":{"line":6,"column":15},"end":{"line":33,"column":1}},"line":6},"1":{"name":"(anonymous_1)","decl":{"start":{"line":21,"column":25},"end":{"line":21,"column":26}},"loc":{"start":{"line":21,"column":31},"end":{"line":21,"column":61}},"line":21},"2":{"name":"(anonymous_2)","decl":{"start":{"line":21,"column":40},"end":{"line":21,"column":41}},"loc":{"start":{"line":21,"column":51},"end":{"line":21,"column":60}},"line":21}},"branchMap":{},"s":{"0":0,"1":0,"2":0,"3":0},"f":{"0":0,"1":0,"2":0},"b":{}}
,"Y:\\posts_api-main2\\react-jest-curso\\src\\components\\Counter.tsx": {"path":"Y:\\posts_api-main2\\react-jest-curso\\src\\components\\Counter.tsx","statementMap":{"0":{"start":{"line":8,"column":28},"end":{"line":8,"column":45}},"1":{"start":{"line":10,"column":2},"end":{"line":20,"column":4}},"2":{"start":{"line":16,"column":29},"end":{"line":16,"column":51}},"3":{"start":{"line":16,"column":45},"end":{"line":16,"column":50}},"4":{"start":{"line":17,"column":29},"end":{"line":17,"column":51}},"5":{"start":{"line":17,"column":45},"end":{"line":17,"column":50}},"6":{"start":{"line":18,"column":29},"end":{"line":18,"column":46}}},"fnMap":{"0":{"name":"Counter","decl":{"start":{"line":7,"column":24},"end":{"line":7,"column":31}},"loc":{"start":{"line":7,"column":56},"end":{"line":21,"column":1}},"line":7},"1":{"name":"(anonymous_1)","decl":{"start":{"line":16,"column":23},"end":{"line":16,"column":24}},"loc":{"start":{"line":16,"column":29},"end":{"line":16,"column":51}},"line":16},"2":{"name":"(anonymous_2)","decl":{"start":{"line":16,"column":38},"end":{"line":16,"column":39}},"loc":{"start":{"line":16,"column":45},"end":{"line":16,"column":50}},"line":16},"3":{"name":"(anonymous_3)","decl":{"start":{"line":17,"column":23},"end":{"line":17,"column":24}},"loc":{"start":{"line":17,"column":29},"end":{"line":17,"column":51}},"line":17},"4":{"name":"(anonymous_4)","decl":{"start":{"line":17,"column":38},"end":{"line":17,"column":39}},"loc":{"start":{"line":17,"column":45},"end":{"line":17,"column":50}},"line":17},"5":{"name":"(anonymous_5)","decl":{"start":{"line":18,"column":23},"end":{"line":18,"column":24}},"loc":{"start":{"line":18,"column":29},"end":{"line":18,"column":46}},"line":18}},"branchMap":{"0":{"loc":{"start":{"line":7,"column":34},"end":{"line":7,"column":45}},"type":"default-arg","locations":[{"start":{"line":7,"column":44},"end":{"line":7,"column":45}}],"line":7}},"s":{"0":8,"1":8,"2":1,"3":1,"4":2,"5":2,"6":1},"f":{"0":8,"1":1,"2":1,"3":2,"4":2,"5":1},"b":{"0":[1]},"_coverageSchema":"1a1c01bbd47fc00a2c39e90264f33305004495a9","hash":"de7caf4a734489b3853e2cf3d444fe71740de245"}
,"Y:\\posts_api-main2\\react-jest-curso\\src\\components\\ExpensiveList.tsx": {"path":"Y:\\posts_api-main2\\react-jest-curso\\src\\components\\ExpensiveList.tsx","statementMap":{"0":{"start":{"line":8,"column":28},"end":{"line":8,"column":40}},"1":{"start":{"line":10,"column":19},"end":{"line":14,"column":20}},"2":{"start":{"line":11,"column":14},"end":{"line":11,"column":40}},"3":{"start":{"line":12,"column":4},"end":{"line":12,"column":25}},"4":{"start":{"line":12,"column":12},"end":{"line":12,"column":25}},"5":{"start":{"line":13,"column":4},"end":{"line":13,"column":60}},"6":{"start":{"line":13,"column":31},"end":{"line":13,"column":58}},"7":{"start":{"line":16,"column":2},"end":{"line":34,"column":4}},"8":{"start":{"line":22,"column":25},"end":{"line":22,"column":49}},"9":{"start":{"line":30,"column":10},"end":{"line":30,"column":30}}},"fnMap":{"0":{"name":"ExpensiveList","decl":{"start":{"line":7,"column":24},"end":{"line":7,"column":37}},"loc":{"start":{"line":7,"column":56},"end":{"line":35,"column":1}},"line":7},"1":{"name":"(anonymous_1)","decl":{"start":{"line":10,"column":27},"end":{"line":10,"column":28}},"loc":{"start":{"line":10,"column":33},"end":{"line":14,"column":3}},"line":10},"2":{"name":"(anonymous_2)","decl":{"start":{"line":13,"column":24},"end":{"line":13,"column":25}},"loc":{"start":{"line":13,"column":31},"end":{"line":13,"column":58}},"line":13},"3":{"name":"(anonymous_3)","decl":{"start":{"line":22,"column":18},"end":{"line":22,"column":19}},"loc":{"start":{"line":22,"column":25},"end":{"line":22,"column":49}},"line":22},"4":{"name":"(anonymous_4)","decl":{"start":{"line":29,"column":22},"end":{"line":29,"column":23}},"loc":{"start":{"line":30,"column":10},"end":{"line":30,"column":30}},"line":30}},"branchMap":{"0":{"loc":{"start":{"line":12,"column":4},"end":{"line":12,"column":25}},"type":"if","locations":[{"start":{"line":12,"column":4},"end":{"line":12,"column":25}},{"start":{},"end":{}}],"line":12}},"s":{"0":4,"1":4,"2":4,"3":4,"4":2,"5":2,"6":6,"7":4,"8":2,"9":11},"f":{"0":4,"1":4,"2":6,"3":2,"4":11},"b":{"0":[2,2]},"_coverageSchema":"1a1c01bbd47fc00a2c39e90264f33305004495a9","hash":"1d488a9444f119f59920ea2939021134e0058612"}
,"Y:\\posts_api-main2\\react-jest-curso\\src\\components\\FocusInput.tsx": {"path":"Y:\\posts_api-main2\\react-jest-curso\\src\\components\\FocusInput.tsx","statementMap":{"0":{"start":{"line":4,"column":19},"end":{"line":4,"column":56}},"1":{"start":{"line":6,"column":16},"end":{"line":8,"column":3}},"2":{"start":{"line":7,"column":4},"end":{"line":7,"column":30}},"3":{"start":{"line":10,"column":2},"end":{"line":17,"column":4}}},"fnMap":{"0":{"name":"FocusInput","decl":{"start":{"line":3,"column":24},"end":{"line":3,"column":34}},"loc":{"start":{"line":3,"column":37},"end":{"line":18,"column":1}},"line":3},"1":{"name":"(anonymous_1)","decl":{"start":{"line":6,"column":16},"end":{"line":6,"column":17}},"loc":{"start":{"line":6,"column":22},"end":{"line":8,"column":3}},"line":6}},"branchMap":{},"s":{"0":1,"1":1,"2":1,"3":1},"f":{"0":1,"1":1},"b":{},"_coverageSchema":"1a1c01bbd47fc00a2c39e90264f33305004495a9","hash":"eea87537f76ec0b549e6870e84205c41ba551c42"}
,"Y:\\posts_api-main2\\react-jest-curso\\src\\components\\LoginForm.tsx": {"path":"Y:\\posts_api-main2\\react-jest-curso\\src\\components\\LoginForm.tsx","statementMap":{"0":{"start":{"line":8,"column":34},"end":{"line":8,"column":46}},"1":{"start":{"line":9,"column":34},"end":{"line":9,"column":46}},"2":{"start":{"line":11,"column":32},"end":{"line":11,"column":47}},"3":{"start":{"line":12,"column":28},"end":{"line":12,"column":57}},"4":{"start":{"line":14,"column":19},"end":{"line":18,"column":3}},"5":{"start":{"line":15,"column":4},"end":{"line":15,"column":54}},"6":{"start":{"line":15,"column":26},"end":{"line":15,"column":54}},"7":{"start":{"line":16,"column":4},"end":{"line":16,"column":63}},"8":{"start":{"line":16,"column":36},"end":{"line":16,"column":63}},"9":{"start":{"line":17,"column":4},"end":{"line":17,"column":16}},"10":{"start":{"line":20,"column":19},"end":{"line":46,"column":3}},"11":{"start":{"line":21,"column":4},"end":{"line":21,"column":23}},"12":{"start":{"line":22,"column":4},"end":{"line":22,"column":19}},"13":{"start":{"line":24,"column":16},"end":{"line":24,"column":26}},"14":{"start":{"line":25,"column":4},"end":{"line":28,"column":5}},"15":{"start":{"line":26,"column":6},"end":{"line":26,"column":20}},"16":{"start":{"line":27,"column":6},"end":{"line":27,"column":13}},"17":{"start":{"line":30,"column":4},"end":{"line":30,"column":21}},"18":{"start":{"line":31,"column":4},"end":{"line":45,"column":5}},"19":{"start":{"line":32,"column":18},"end":{"line":36,"column":8}},"20":{"start":{"line":38,"column":6},"end":{"line":38,"column":49}},"21":{"start":{"line":38,"column":19},"end":{"line":38,"column":49}},"22":{"start":{"line":40,"column":6},"end":{"line":40,"column":20}},"23":{"start":{"line":42,"column":6},"end":{"line":42,"column":30}},"24":{"start":{"line":44,"column":6},"end":{"line":44,"column":24}},"25":{"start":{"line":48,"column":2},"end":{"line":74,"column":4}},"26":{"start":{"line":59,"column":25},"end":{"line":59,"column":52}},"27":{"start":{"line":67,"column":25},"end":{"line":67,"column":52}}},"fnMap":{"0":{"name":"LoginForm","decl":{"start":{"line":7,"column":24},"end":{"line":7,"column":33}},"loc":{"start":{"line":7,"column":56},"end":{"line":75,"column":1}},"line":7},"1":{"name":"(anonymous_1)","decl":{"start":{"line":14,"column":19},"end":{"line":14,"column":20}},"loc":{"start":{"line":14,"column":25},"end":{"line":18,"column":3}},"line":14},"2":{"name":"(anonymous_2)","decl":{"start":{"line":20,"column":19},"end":{"line":20,"column":20}},"loc":{"start":{"line":20,"column":49},"end":{"line":46,"column":3}},"line":20},"3":{"name":"(anonymous_3)","decl":{"start":{"line":59,"column":18},"end":{"line":59,"column":19}},"loc":{"start":{"line":59,"column":25},"end":{"line":59,"column":52}},"line":59},"4":{"name":"(anonymous_4)","decl":{"start":{"line":67,"column":18},"end":{"line":67,"column":19}},"loc":{"start":{"line":67,"column":25},"end":{"line":67,"column":52}},"line":67}},"branchMap":{"0":{"loc":{"start":{"line":15,"column":4},"end":{"line":15,"column":54}},"type":"if","locations":[{"start":{"line":15,"column":4},"end":{"line":15,"column":54}},{"start":{},"end":{}}],"line":15},"1":{"loc":{"start":{"line":16,"column":4},"end":{"line":16,"column":63}},"type":"if","locations":[{"start":{"line":16,"column":4},"end":{"line":16,"column":63}},{"start":{},"end":{}}],"line":16},"2":{"loc":{"start":{"line":25,"column":4},"end":{"line":28,"column":5}},"type":"if","locations":[{"start":{"line":25,"column":4},"end":{"line":28,"column":5}},{"start":{},"end":{}}],"line":25},"3":{"loc":{"start":{"line":38,"column":6},"end":{"line":38,"column":49}},"type":"if","locations":[{"start":{"line":38,"column":6},"end":{"line":38,"column":49}},{"start":{},"end":{}}],"line":38},"4":{"loc":{"start":{"line":52,"column":7},"end":{"line":52,"column":47}},"type":"binary-expr","locations":[{"start":{"line":52,"column":7},"end":{"line":52,"column":12}},{"start":{"line":52,"column":16},"end":{"line":52,"column":47}}],"line":52},"5":{"loc":{"start":{"line":53,"column":7},"end":{"line":53,"column":54}},"type":"binary-expr","locations":[{"start":{"line":53,"column":7},"end":{"line":53,"column":14}},{"start":{"line":53,"column":18},"end":{"line":53,"column":54}}],"line":53}},"s":{"0":37,"1":37,"2":37,"3":37,"4":37,"5":4,"6":1,"7":3,"8":1,"9":2,"10":37,"11":4,"12":4,"13":4,"14":4,"15":2,"16":2,"17":2,"18":2,"19":2,"20":2,"21":1,"22":1,"23":1,"24":2,"25":37,"26":13,"27":14},"f":{"0":37,"1":4,"2":4,"3":13,"4":14},"b":{"0":[1,3],"1":[1,2],"2":[2,2],"3":[1,1],"4":[37,3],"5":[37,2]},"_coverageSchema":"1a1c01bbd47fc00a2c39e90264f33305004495a9","hash":"60f1bfa476c818da12539de33046dec47ad6acb3"}
,"Y:\\posts_api-main2\\react-jest-curso\\src\\components\\SearchBox.tsx": {"path":"Y:\\posts_api-main2\\react-jest-curso\\src\\components\\SearchBox.tsx","statementMap":{"0":{"start":{"line":8,"column":20},"end":{"line":8,"column":32}},"1":{"start":{"line":10,"column":23},"end":{"line":12,"column":19}},"2":{"start":{"line":11,"column":4},"end":{"line":11,"column":23}},"3":{"start":{"line":14,"column":2},"end":{"line":26,"column":4}},"4":{"start":{"line":20,"column":25},"end":{"line":20,"column":45}}},"fnMap":{"0":{"name":"SearchBox","decl":{"start":{"line":7,"column":24},"end":{"line":7,"column":33}},"loc":{"start":{"line":7,"column":55},"end":{"line":27,"column":1}},"line":7},"1":{"name":"(anonymous_1)","decl":{"start":{"line":10,"column":35},"end":{"line":10,"column":36}},"loc":{"start":{"line":10,"column":41},"end":{"line":12,"column":3}},"line":10},"2":{"name":"(anonymous_2)","decl":{"start":{"line":20,"column":18},"end":{"line":20,"column":19}},"loc":{"start":{"line":20,"column":25},"end":{"line":20,"column":45}},"line":20}},"branchMap":{},"s":{"0":10,"1":10,"2":2,"3":10,"4":8},"f":{"0":10,"1":2,"2":8},"b":{},"_coverageSchema":"1a1c01bbd47fc00a2c39e90264f33305004495a9","hash":"11fd6c7b0538b06a2fe63d7dae55dfd40d8d8c34"}
,"Y:\\posts_api-main2\\react-jest-curso\\src\\components\\UserCard.tsx": {"path":"Y:\\posts_api-main2\\react-jest-curso\\src\\components\\UserCard.tsx","statementMap":{"0":{"start":{"line":10,"column":26},"end":{"line":10,"column":53}},"1":{"start":{"line":11,"column":32},"end":{"line":11,"column":47}},"2":{"start":{"line":12,"column":28},"end":{"line":12,"column":57}},"3":{"start":{"line":14,"column":15},"end":{"line":30,"column":3}},"4":{"start":{"line":15,"column":4},"end":{"line":15,"column":19}},"5":{"start":{"line":16,"column":4},"end":{"line":16,"column":21}},"6":{"start":{"line":17,"column":4},"end":{"line":17,"column":18}},"7":{"start":{"line":19,"column":4},"end":{"line":29,"column":5}},"8":{"start":{"line":20,"column":18},"end":{"line":20,"column":44}},"9":{"start":{"line":21,"column":6},"end":{"line":21,"column":49}},"10":{"start":{"line":21,"column":19},"end":{"line":21,"column":49}},"11":{"start":{"line":23,"column":19},"end":{"line":23,"column":45}},"12":{"start":{"line":24,"column":6},"end":{"line":24,"column":20}},"13":{"start":{"line":26,"column":6},"end":{"line":26,"column":47}},"14":{"start":{"line":28,"column":6},"end":{"line":28,"column":24}},"15":{"start":{"line":32,"column":2},"end":{"line":51,"column":4}}},"fnMap":{"0":{"name":"UserCard","decl":{"start":{"line":9,"column":24},"end":{"line":9,"column":32}},"loc":{"start":{"line":9,"column":35},"end":{"line":52,"column":1}},"line":9},"1":{"name":"(anonymous_1)","decl":{"start":{"line":14,"column":15},"end":{"line":14,"column":16}},"loc":{"start":{"line":14,"column":27},"end":{"line":30,"column":3}},"line":14}},"branchMap":{"0":{"loc":{"start":{"line":21,"column":6},"end":{"line":21,"column":49}},"type":"if","locations":[{"start":{"line":21,"column":6},"end":{"line":21,"column":49}},{"start":{},"end":{}}],"line":21},"1":{"loc":{"start":{"line":38,"column":7},"end":{"line":38,"column":54}},"type":"binary-expr","locations":[{"start":{"line":38,"column":7},"end":{"line":38,"column":14}},{"start":{"line":38,"column":18},"end":{"line":38,"column":54}}],"line":38},"2":{"loc":{"start":{"line":40,"column":7},"end":{"line":42,"column":7}},"type":"binary-expr","locations":[{"start":{"line":40,"column":7},"end":{"line":40,"column":12}},{"start":{"line":41,"column":8},"end":{"line":41,"column":39}}],"line":40},"3":{"loc":{"start":{"line":44,"column":7},"end":{"line":49,"column":7}},"type":"binary-expr","locations":[{"start":{"line":44,"column":7},"end":{"line":44,"column":11}},{"start":{"line":45,"column":8},"end":{"line":48,"column":14}}],"line":44}},"s":{"0":9,"1":9,"2":9,"3":9,"4":3,"5":3,"6":3,"7":3,"8":3,"9":2,"10":1,"11":1,"12":1,"13":2,"14":3,"15":9},"f":{"0":9,"1":3},"b":{"0":[1,1],"1":[9,3],"2":[9,2],"3":[9,1]},"_coverageSchema":"1a1c01bbd47fc00a2c39e90264f33305004495a9","hash":"c7fb56ae01919770e1d805596c28bdf7b11e84f5"}
,"Y:\\posts_api-main2\\react-jest-curso\\src\\utils\\money.ts": {"path":"Y:\\posts_api-main2\\react-jest-curso\\src\\utils\\money.ts","statementMap":{"0":{"start":{"line":2,"column":4},"end":{"line":2,"column":65}},"1":{"start":{"line":2,"column":30},"end":{"line":2,"column":65}},"2":{"start":{"line":3,"column":4},"end":{"line":3,"column":69}},"3":{"start":{"line":3,"column":34},"end":{"line":3,"column":69}},"4":{"start":{"line":6,"column":18},"end":{"line":6,"column":35}},"5":{"start":{"line":9,"column":4},"end":{"line":9,"column":34}}},"fnMap":{"0":{"name":"formatMoney","decl":{"start":{"line":1,"column":16},"end":{"line":1,"column":27}},"loc":{"start":{"line":1,"column":70},"end":{"line":10,"column":3}},"line":1}},"branchMap":{"0":{"loc":{"start":{"line":1,"column":44},"end":{"line":1,"column":60}},"type":"default-arg","locations":[{"start":{"line":1,"column":55},"end":{"line":1,"column":60}}],"line":1},"1":{"loc":{"start":{"line":2,"column":4},"end":{"line":2,"column":65}},"type":"if","locations":[{"start":{"line":2,"column":4},"end":{"line":2,"column":65}},{"start":{},"end":{}}],"line":2},"2":{"loc":{"start":{"line":3,"column":4},"end":{"line":3,"column":69}},"type":"if","locations":[{"start":{"line":3,"column":4},"end":{"line":3,"column":69}},{"start":{},"end":{}}],"line":3}},"s":{"0":5,"1":1,"2":4,"3":1,"4":3,"5":3},"f":{"0":5},"b":{"0":[4],"1":[1,4],"2":[1,3]},"_coverageSchema":"1a1c01bbd47fc00a2c39e90264f33305004495a9","hash":"f694130a0cd7cce88f303000e258f4f1bd1e86b7"}
}
