TN:
SF:src\App.tsx
FN:6,App
FN:21,(anonymous_1)
FN:21,(anonymous_2)
FNF:3
FNH:0
FNDA:0,App
FNDA:0,(anonymous_1)
FNDA:0,(anonymous_2)
DA:7,0
DA:9,0
DA:21,0
LF:3
LH:0
BRF:0
BRH:0
end_of_record
TN:
SF:src\components\Counter.tsx
FN:7,Counter
FN:16,(anonymous_1)
FN:16,(anonymous_2)
FN:17,(anonymous_3)
FN:17,(anonymous_4)
FN:18,(anonymous_5)
FNF:6
FNH:6
FNDA:8,Counter
FNDA:1,(anonymous_1)
FNDA:1,(anonymous_2)
FNDA:2,(anonymous_3)
FNDA:2,(anonymous_4)
FNDA:1,(anonymous_5)
DA:8,8
DA:10,8
DA:16,1
DA:17,2
DA:18,1
LF:5
LH:5
BRDA:7,0,0,1
BRF:1
BRH:1
end_of_record
TN:
SF:src\components\ExpensiveList.tsx
FN:7,ExpensiveList
FN:10,(anonymous_1)
FN:13,(anonymous_2)
FN:22,(anonymous_3)
FN:29,(anonymous_4)
FNF:5
FNH:5
FNDA:4,ExpensiveList
FNDA:4,(anonymous_1)
FNDA:6,(anonymous_2)
FNDA:2,(anonymous_3)
FNDA:11,(anonymous_4)
DA:8,4
DA:10,4
DA:11,4
DA:12,4
DA:13,6
DA:16,4
DA:22,2
DA:30,11
LF:8
LH:8
BRDA:12,0,0,2
BRDA:12,0,1,2
BRF:2
BRH:2
end_of_record
TN:
SF:src\components\FocusInput.tsx
FN:3,FocusInput
FN:6,(anonymous_1)
FNF:2
FNH:2
FNDA:1,FocusInput
FNDA:1,(anonymous_1)
DA:4,1
DA:6,1
DA:7,1
DA:10,1
LF:4
LH:4
BRF:0
BRH:0
end_of_record
TN:
SF:src\components\LoginForm.tsx
FN:7,LoginForm
FN:14,(anonymous_1)
FN:20,(anonymous_2)
FN:59,(anonymous_3)
FN:67,(anonymous_4)
FNF:5
FNH:5
FNDA:37,LoginForm
FNDA:4,(anonymous_1)
FNDA:4,(anonymous_2)
FNDA:13,(anonymous_3)
FNDA:14,(anonymous_4)
DA:8,37
DA:9,37
DA:11,37
DA:12,37
DA:14,37
DA:15,4
DA:16,3
DA:17,2
DA:20,37
DA:21,4
DA:22,4
DA:24,4
DA:25,4
DA:26,2
DA:27,2
DA:30,2
DA:31,2
DA:32,2
DA:38,2
DA:40,1
DA:42,1
DA:44,2
DA:48,37
DA:59,13
DA:67,14
LF:25
LH:25
BRDA:15,0,0,1
BRDA:15,0,1,3
BRDA:16,1,0,1
BRDA:16,1,1,2
BRDA:25,2,0,2
BRDA:25,2,1,2
BRDA:38,3,0,1
BRDA:38,3,1,1
BRDA:52,4,0,37
BRDA:52,4,1,3
BRDA:53,5,0,37
BRDA:53,5,1,2
BRF:12
BRH:12
end_of_record
TN:
SF:src\components\SearchBox.tsx
FN:7,SearchBox
FN:10,(anonymous_1)
FN:20,(anonymous_2)
FNF:3
FNH:3
FNDA:10,SearchBox
FNDA:2,(anonymous_1)
FNDA:8,(anonymous_2)
DA:8,10
DA:10,10
DA:11,2
DA:14,10
DA:20,8
LF:5
LH:5
BRF:0
BRH:0
end_of_record
TN:
SF:src\components\UserCard.tsx
FN:9,UserCard
FN:14,(anonymous_1)
FNF:2
FNH:2
FNDA:9,UserCard
FNDA:3,(anonymous_1)
DA:10,9
DA:11,9
DA:12,9
DA:14,9
DA:15,3
DA:16,3
DA:17,3
DA:19,3
DA:20,3
DA:21,2
DA:23,1
DA:24,1
DA:26,2
DA:28,3
DA:32,9
LF:15
LH:15
BRDA:21,0,0,1
BRDA:21,0,1,1
BRDA:38,1,0,9
BRDA:38,1,1,3
BRDA:40,2,0,9
BRDA:40,2,1,2
BRDA:44,3,0,9
BRDA:44,3,1,1
BRF:8
BRH:8
end_of_record
TN:
SF:src\utils\money.ts
FN:1,formatMoney
FNF:1
FNH:1
FNDA:5,formatMoney
DA:2,5
DA:3,4
DA:6,3
DA:9,3
LF:4
LH:4
BRDA:1,0,0,4
BRDA:2,1,0,1
BRDA:2,1,1,4
BRDA:3,2,0,1
BRDA:3,2,1,3
BRF:5
BRH:5
end_of_record
